<?xml version="1.0" encoding="UTF-8"?>
<!-- Generated by org.testng.reporters.JUnitReportReporter -->
<testsuite hostname="LAPTOP-54" name="salesforce.tests.LeadTest" tests="1" failures="0" timestamp="7 May 2019 14:31:18 GMT" time="33.692" errors="0">
  <testcase name="CreateNewLead" time="33.692" classname="salesforce.tests.LeadTest"/>
</testsuite> <!-- salesforce.tests.LeadTest -->
