<?xml version="1.0" encoding="UTF-8"?>
<!-- Generated by org.testng.reporters.JUnitReportReporter -->
<testsuite hostname="LAPTOP-54" name="salesforce.tests.LoginTest" tests="4" failures="0" timestamp="8 May 2019 11:46:36 GMT" time="90.250" errors="0">
  <testcase name="verifyInvalidLogin" time="6.121" classname="salesforce.tests.LoginTest"/>
  <testcase name="verifyValidLogin" time="24.916" classname="salesforce.tests.LoginTest"/>
  <testcase name="verifyLoginPageLogo" time="58.766" classname="salesforce.tests.LoginTest"/>
  <testcase name="verifyLoginPageTitle" time="0.447" classname="salesforce.tests.LoginTest"/>
</testsuite> <!-- salesforce.tests.LoginTest -->
