<?xml version="1.0" encoding="UTF-8"?>
<!-- Generated by org.testng.reporters.JUnitReportReporter -->
<testsuite skipped="0" hostname="LAPTOP-54" name="salesforce.tests.LoginTest" tests="4" failures="0" timestamp="09 May 2019 11:39:32 GMT" time="62.752" errors="0">
  <testcase name="verifyLoginPageTitle" time="0.345" classname="salesforce.tests.LoginTest"/>
  <testcase name="verifyLoginPageLogo" time="0.167" classname="salesforce.tests.LoginTest"/>
  <testcase name="verifyInvalidLogin" time="34.919" classname="salesforce.tests.LoginTest"/>
  <testcase name="verifyValidLogin" time="27.321" classname="salesforce.tests.LoginTest"/>
</testsuite> <!-- salesforce.tests.LoginTest -->
